%!Adobe-FontList 1.24
%Locale:0x409

%BeginFont
Handler:DirectoryHandler
FontType:TrueType
FontName:PixelOperator8-Bold
FamilyName:Pixel Operator 8
StyleName:Bold
FullName:Pixel Operator 8 Bold
MenuName:Pixel Operator 8
StyleBits:2
WritingScript:Roman
OutlineFileName:C:\Users\User\Documents\Godot\campfire-cardiff-2026\assets\Font\PixelOperator8-Bold.ttf
DataFormat:sfntData
hasSVG:no
hasCOLR:no
VariableFontType:NonVariableFont
FileLength:18624
FileModTime:1772285539
WeightClass:700
WidthClass:5
AngleClass:0
NameArray:0,Mac,4,Pixel Operator 8 Bold
NameArray:0,Win,1,Pixel Operator 8
%EndFont

%BeginFont
Handler:DirectoryHandler
FontType:Invalid
OutlineFileName:C:\Users\User\Documents\Godot\campfire-cardiff-2026\assets\Font\PixelOperator8-Bold.ttf.import
FileModTime:1772285540
%EndFont

